WebSocket connected for vendor 12
Error fetching notifications: Cannot filter a query once a slice has been taken.
Error fetching notifications: Cannot filter a query once a slice has been taken.
WebSocket connected for vendor 12
WebSocket connected for vendor 12
Fetching notifications for vendor: 12
Error fetching notifications for vendor 12: Cannot filter a query once a slice has been taken.
Exception type: TypeError
Exception args: ('Cannot filter a query once a slice has been taken.',)
Fetching notifications for vendor: 12
Error fetching notifications for vendor 12: Cannot filter a query once a slice has been taken.
Exception type: TypeError
Exception args: ('Cannot filter a query once a slice has been taken.',)
WebSocket connected for vendor 12
WebSocket connected for vendor 12
Fetching notifications for vendor: 12
Error fetching notifications for vendor 12: Cannot filter a query once a slice has been taken.
Exception type: TypeError
Exception args: ('Cannot filter a query once a slice has been taken.',)
Fetching notifications for vendor: 12
Error fetching notifications for vendor 12: Cannot filter a query once a slice has been taken.
Exception type: TypeError
Exception args: ('Cannot filter a query once a slice has been taken.',)
Fetching notifications for vendor: 12
Error fetching notifications for vendor 12: Cannot filter a query once a slice has been taken.
Exception type: TypeError
Exception args: ('Cannot filter a query once a slice has been taken.',)
WebSocket connected for vendor 12
WebSocket connected for vendor 12
Fetching notifications for vendor: 12
Error fetching notifications for vendor 12: Cannot filter a query once a slice has been taken.
Exception type: TypeError
Exception args: ('Cannot filter a query once a slice has been taken.',)
WebSocket disconnected for vendor 12
WebSocket disconnected for vendor 12
WebSocket connected for vendor 12
Fetching notifications for vendor: 12
Error fetching notifications for vendor 12: Cannot filter a query once a slice has been taken.
Exception type: TypeError
Exception args: ('Cannot filter a query once a slice has been taken.',)
WebSocket connected for vendor 12
Fetching notifications for vendor: 12
Error fetching notifications for vendor 12: Cannot filter a query once a slice has been taken.
Exception type: TypeError
Exception args: ('Cannot filter a query once a slice has been taken.',)
Fetching notifications for vendor: 12
Error fetching notifications for vendor 12: Cannot filter a query once a slice has been taken.
Exception type: TypeError
Exception args: ('Cannot filter a query once a slice has been taken.',)
Fetching notifications for vendor: 12
Error fetching notifications for vendor 12: Cannot filter a query once a slice has been taken.
Exception type: TypeError
Exception args: ('Cannot filter a query once a slice has been taken.',)
Fetching notifications for vendor: 12
Error fetching notifications for vendor 12: Cannot filter a query once a slice has been taken.
Exception type: TypeError
Exception args: ('Cannot filter a query once a slice has been taken.',)
WebSocket connected for vendor 12
WebSocket connected for vendor 12
Fetching notifications for vendor: 12
Error fetching notifications for vendor 12: Cannot filter a query once a slice has been taken.
Exception type: TypeError
Exception args: ('Cannot filter a query once a slice has been taken.',)
Fetching notifications for vendor: 12
Error fetching notifications for vendor 12: Cannot filter a query once a slice has been taken.
Exception type: TypeError
Exception args: ('Cannot filter a query once a slice has been taken.',)
WebSocket connected for vendor 12
WebSocket connected for vendor 12
Fetching notifications for vendor: 12
Error fetching notifications for vendor 12: Cannot filter a query once a slice has been taken.
Exception type: TypeError
Exception args: ('Cannot filter a query once a slice has been taken.',)
Fetching notifications for vendor: 12
Error fetching notifications for vendor 12: Cannot filter a query once a slice has been taken.
Exception type: TypeError
Exception args: ('Cannot filter a query once a slice has been taken.',)
Fetching notifications for vendor: 12
Error fetching notifications for vendor 12: Cannot filter a query once a slice has been taken.
Exception type: TypeError
Exception args: ('Cannot filter a query once a slice has been taken.',)
WebSocket connected for vendor 12
WebSocket connected for vendor 12
Fetching notifications for vendor: 12
Error fetching notifications for vendor 12: Cannot filter a query once a slice has been taken.
Exception type: TypeError
Exception args: ('Cannot filter a query once a slice has been taken.',)
Fetching notifications for vendor: 12
Error fetching notifications for vendor 12: Cannot filter a query once a slice has been taken.
Exception type: TypeError
Exception args: ('Cannot filter a query once a slice has been taken.',)
Fetching notifications for vendor: 12
Error fetching notifications for vendor 12: Cannot filter a query once a slice has been taken.
Exception type: TypeError
Exception args: ('Cannot filter a query once a slice has been taken.',)
WebSocket connected for vendor 12
WebSocket connected for vendor 12
Fetching notifications for vendor: 12
Error fetching notifications for vendor 12: Cannot filter a query once a slice has been taken.
Exception type: TypeError
Exception args: ('Cannot filter a query once a slice has been taken.',)
Fetching notifications for vendor: 12
Error fetching notifications for vendor 12: Cannot filter a query once a slice has been taken.
Exception type: TypeError
Exception args: ('Cannot filter a query once a slice has been taken.',)
Fetching notifications for vendor: 12
Error fetching notifications for vendor 12: Cannot filter a query once a slice has been taken.
Exception type: TypeError
Exception args: ('Cannot filter a query once a slice has been taken.',)
WebSocket connected for vendor 12
WebSocket connected for vendor 12
Fetching notifications for vendor: 12
Error fetching notifications for vendor 12: Cannot filter a query once a slice has been taken.
Exception type: TypeError
Exception args: ('Cannot filter a query once a slice has been taken.',)
Fetching notifications for vendor: 12
Error fetching notifications for vendor 12: Cannot filter a query once a slice has been taken.
Exception type: TypeError
Exception args: ('Cannot filter a query once a slice has been taken.',)
Fetching notifications for vendor: 12
Error fetching notifications for vendor 12: Cannot filter a query once a slice has been taken.
Exception type: TypeError
Exception args: ('Cannot filter a query once a slice has been taken.',)
WebSocket connected for vendor 12
Fetching notifications for vendor: 12
Error fetching notifications for vendor 12: Cannot filter a query once a slice has been taken.
WebSocket connected for vendor 12
Exception type: TypeError
Exception args: ('Cannot filter a query once a slice has been taken.',)
WebSocket connected for vendor 12
WebSocket connected for vendor 12
WebSocket disconnected for vendor 12
WebSocket disconnected for vendor 12
WebSocket connected for vendor 12
WebSocket connected for vendor 12
WebSocket disconnected for vendor 12
WebSocket disconnected for vendor 12
WebSocket connected for vendor 12
WebSocket connected for vendor 12
WebSocket connected for vendor 12
WebSocket connected for vendor 12
WebSocket connected for vendor 12
WebSocket connected for vendor 12
WebSocket connected for vendor 12
WebSocket connected for vendor 12
WebSocket connected for vendor 12
WebSocket connected for vendor 12
WebSocket connected for vendor 12
WebSocket connected for vendor 12
WebSocket connected for vendor 12
WebSocket connected for vendor 12
WebSocket connected for vendor 12
WebSocket connected for vendor 12
WebSocket connected for vendor 12
WebSocket disconnected for vendor 12
WebSocket connected for vendor 12
Fetching notifications for vendor: 12
WebSocket connected for vendor 12
Successfully fetched 0 notifications for vendor 12
Fetching notifications for vendor: 12
Successfully fetched 0 notifications for vendor 12
Fetching notifications for vendor: 12
Successfully fetched 0 notifications for vendor 12
Fetching notifications for vendor: 12
Successfully fetched 0 notifications for vendor 12
Fetching notifications for vendor: 12
Successfully fetched 0 notifications for vendor 12
WebSocket disconnected for vendor 12
WebSocket disconnected for vendor 12
WebSocket connected for vendor 12
WebSocket connected for vendor 12
Fetching notifications for vendor: 12
Successfully fetched 0 notifications for vendor 12
Fetching notifications for vendor: 12
Successfully fetched 0 notifications for vendor 12
Fetching notifications for vendor: 12
Successfully fetched 0 notifications for vendor 12
Fetching notifications for vendor: 12
Successfully fetched 0 notifications for vendor 12
Fetching notifications for vendor: 12
Successfully fetched 0 notifications for vendor 12
WebSocket disconnected for vendor 12
WebSocket disconnected for vendor 12
Fetching notifications for vendor: 12
WebSocket connected for vendor 12
Successfully fetched 0 notifications for vendor 12
Fetching notifications for vendor: 12
Successfully fetched 0 notifications for vendor 12
WebSocket connected for vendor 12
Fetching notifications for vendor: 12
Successfully fetched 0 notifications for vendor 12
WebSocket connected for vendor 12
WebSocket connected for vendor 12
Fetching notifications for vendor: 12
Successfully fetched 0 notifications for vendor 12
Fetching notifications for vendor: 12
Successfully fetched 0 notifications for vendor 12
Fetching notifications for vendor: 12
Successfully fetched 0 notifications for vendor 12
Fetching notifications for vendor: 12
Successfully fetched 0 notifications for vendor 12
Fetching notifications for vendor: 12
Successfully fetched 0 notifications for vendor 12
WebSocket connected for vendor 12
Fetching notifications for vendor: 12
Successfully fetched 0 notifications for vendor 12
Fetching notifications for vendor: 12
Successfully fetched 0 notifications for vendor 12
WebSocket connected for vendor 12
Fetching notifications for vendor: 12
Successfully fetched 0 notifications for vendor 12
Fetching notifications for vendor: 12
Successfully fetched 0 notifications for vendor 12
WebSocket connected for vendor 12
WebSocket connected for vendor 12
Fetching notifications for vendor: 12
Successfully fetched 0 notifications for vendor 12
Fetching notifications for vendor: 12
Successfully fetched 0 notifications for vendor 12
Fetching notifications for vendor: 12
Successfully fetched 0 notifications for vendor 12
WebSocket authentication successful for user 12
WebSocket connected for vendor 12
WebSocket authentication successful for user 12
WebSocket connected for vendor 12
Fetching notifications for vendor: 12
Successfully fetched 0 notifications for vendor 12
Fetching notifications for vendor: 12
Successfully fetched 0 notifications for vendor 12
Fetching notifications for vendor: 12
Successfully fetched 0 notifications for vendor 12
WebSocket authentication successful for user 12
WebSocket connected for vendor 12
WebSocket authentication successful for user 12
WebSocket connected for vendor 12
Fetching notifications for vendor: 12
Successfully fetched 0 notifications for vendor 12
WebSocket disconnected for vendor 12 with code 1001
WebSocket disconnected for vendor 12 with code 1001
WebSocket authentication successful for user 12
WebSocket connected for vendor 12
Fetching notifications for vendor: 12
Successfully fetched 0 notifications for vendor 12
Fetching notifications for vendor: 12
Successfully fetched 0 notifications for vendor 12
Fetching notifications for vendor: 12
Successfully fetched 0 notifications for vendor 12
WebSocket authentication successful for user 12
WebSocket connected for vendor 12
Fetching notifications for vendor: 12
Successfully fetched 0 notifications for vendor 12
Fetching notifications for vendor: 12
Successfully fetched 0 notifications for vendor 12
WebSocket disconnected for vendor 12 with code 1001
WebSocket disconnected for vendor 12 with code 1001
Fetching notifications for vendor: 12
Successfully fetched 0 notifications for vendor 12
WebSocket authentication successful for user 12
Fetching notifications for vendor: 12
WebSocket connected for vendor 12
Successfully fetched 0 notifications for vendor 12
Fetching notifications for vendor: 12
Successfully fetched 0 notifications for vendor 12
WebSocket authentication successful for user 12
WebSocket connected for vendor 12
Fetching notifications for vendor: 12
Successfully fetched 0 notifications for vendor 12
Fetching notifications for vendor: 12
Successfully fetched 0 notifications for vendor 12
WebSocket disconnected for vendor 12 with code 1001
WebSocket disconnected for vendor 12 with code 1001
Fetching notifications for vendor: 12
Successfully fetched 0 notifications for vendor 12
WebSocket authentication successful for user 12
WebSocket connected for vendor 12
Fetching notifications for vendor: 12
Successfully fetched 0 notifications for vendor 12
WebSocket authentication successful for user 12
WebSocket connected for vendor 12
Fetching notifications for vendor: 12
Successfully fetched 0 notifications for vendor 12
Fetching notifications for vendor: 12
Successfully fetched 0 notifications for vendor 12
Fetching notifications for vendor: 12
Successfully fetched 0 notifications for vendor 12
WebSocket disconnected for vendor 12 with code 1001
WebSocket disconnected for vendor 12 with code 1001
Fetching notifications for vendor: 12
Successfully fetched 0 notifications for vendor 12
WebSocket authentication successful for user 12
Fetching notifications for vendor: 12
WebSocket connected for vendor 12
Successfully fetched 0 notifications for vendor 12
WebSocket authentication successful for user 12
WebSocket connected for vendor 12
Fetching notifications for vendor: 12
Successfully fetched 0 notifications for vendor 12
Fetching notifications for vendor: 12
Successfully fetched 0 notifications for vendor 12
Fetching notifications for vendor: 12
Successfully fetched 0 notifications for vendor 12
WebSocket authentication successful for user 12
WebSocket connected for vendor 12
Fetching notifications for vendor: 12
Successfully fetched 0 notifications for vendor 12
WebSocket authentication successful for user 12
WebSocket connected for vendor 12
WebSocket disconnected for vendor 12 with code 1000
WebSocket authentication successful for user 12
WebSocket connected for vendor 12
WebSocket authentication successful for user 12
WebSocket connected for vendor 12
WebSocket authentication successful for user 12
WebSocket connected for vendor 12
WebSocket authentication successful for user 12
WebSocket connected for vendor 12
WebSocket authentication successful for user 12
WebSocket connected for vendor 12
WebSocket authentication successful for user 12
WebSocket connected for vendor 12
WebSocket authentication successful for user 12
WebSocket connected for vendor 12
WebSocket authentication successful for user 12
WebSocket connected for vendor 12
WebSocket authentication successful for user 12
WebSocket connected for vendor 12
WebSocket disconnected for vendor 12 with code 1001
WebSocket disconnected for vendor 12 with code 1001
WebSocket authentication successful for user 12
WebSocket connected for vendor 12
WebSocket authentication successful for user 12
WebSocket connected for vendor 12
WebSocket authentication successful for user 12
WebSocket connected for vendor 12
WebSocket authentication successful for user 12
WebSocket connected for vendor 12
WebSocket authentication successful for user 12
WebSocket connected for vendor 12
WebSocket authentication successful for user 12
WebSocket connected for vendor 12
WebSocket disconnected for vendor 12 with code 1001
WebSocket disconnected for vendor 12 with code 1001
WebSocket authentication successful for user 12
WebSocket connected for vendor 12
Fetching notifications for vendor: 12
Successfully fetched 0 notifications for vendor 12
WebSocket authentication successful for user 12
WebSocket connected for vendor 12
Fetching notifications for vendor: 12
Successfully fetched 0 notifications for vendor 12
WebSocket authentication successful for user 12
WebSocket connected for vendor 12
WebSocket authentication successful for user 12
WebSocket connected for vendor 12
WebSocket disconnected for vendor 12 with code 1001
WebSocket disconnected for vendor 12 with code 1001
WebSocket authentication successful for user 12
WebSocket connected for vendor 12
Fetching notifications for vendor: 12
Successfully fetched 0 notifications for vendor 12
WebSocket authentication successful for user 12
WebSocket connected for vendor 12
Fetching notifications for vendor: 12
Successfully fetched 0 notifications for vendor 12
WebSocket authentication successful for user 12
WebSocket connected for vendor 12
WebSocket authentication successful for user 12
WebSocket connected for vendor 12
WebSocket authentication successful for user 12
WebSocket connected for vendor 12
WebSocket authentication successful for user 12
WebSocket connected for vendor 12
WebSocket authentication successful for user 12
WebSocket connected for vendor 12
WebSocket authentication successful for user 12
WebSocket connected for vendor 12
WebSocket connection attempt for vendor 12
WebSocket authentication successful for user 12
WebSocket connection accepted for vendor 12
WebSocket successfully connected for vendor 12
WebSocket connection attempt for vendor 12
WebSocket authentication successful for user 12
WebSocket connection accepted for vendor 12
WebSocket successfully connected for vendor 12
WebSocket disconnected for vendor 12 with code 1001
WebSocket disconnected for vendor 12 with code 1001
Fetching notifications for vendor: 12
Successfully fetched 0 notifications for vendor 12
Fetching notifications for vendor: 12
Successfully fetched 0 notifications for vendor 12
WebSocket connection attempt for vendor 12
WebSocket authentication successful for user 12
WebSocket connection accepted for vendor 12
WebSocket successfully connected for vendor 12
WebSocket connection attempt for vendor 12
WebSocket authentication successful for user 12
WebSocket connection accepted for vendor 12
WebSocket successfully connected for vendor 12
WebSocket disconnected for vendor 12 with code 1001
WebSocket disconnected for vendor 12 with code 1001
Fetching notifications for vendor: 12
Successfully fetched 0 notifications for vendor 12
Fetching notifications for vendor: 12
Successfully fetched 0 notifications for vendor 12
WebSocket connection attempt for vendor 12
WebSocket authentication successful for user 12
WebSocket connection accepted for vendor 12
WebSocket successfully connected for vendor 12
WebSocket connection attempt for vendor 12
WebSocket authentication successful for user 12
WebSocket connection accepted for vendor 12
WebSocket successfully connected for vendor 12
WebSocket connection attempt for vendor 12
WebSocket authentication successful for user 12
WebSocket connection accepted for vendor 12
WebSocket successfully connected for vendor 12
Error creating notification: Object of type Order is not JSON serializable
WebSocket disconnected for vendor 12 with code 1001
WebSocket connection attempt for vendor 12
WebSocket authentication successful for user 12
WebSocket connection accepted for vendor 12
WebSocket successfully connected for vendor 12
WebSocket disconnected for vendor 12 with code 1001
WebSocket connection attempt for vendor 12
WebSocket authentication successful for user 12
WebSocket connection accepted for vendor 12
WebSocket successfully connected for vendor 12
WebSocket disconnected for vendor 12 with code 1001
WebSocket disconnected for vendor 12 with code 1001
Fetching notifications for vendor: 12
Successfully fetched 0 notifications for vendor 12
Fetching notifications for vendor: 12
Successfully fetched 0 notifications for vendor 12
WebSocket connection attempt for vendor 12
WebSocket authentication successful for user 12
WebSocket connection accepted for vendor 12
WebSocket successfully connected for vendor 12
WebSocket connection attempt for vendor 12
WebSocket authentication successful for user 12
WebSocket connection accepted for vendor 12
WebSocket successfully connected for vendor 12
WebSocket disconnected for vendor 12 with code 1006
WebSocket disconnected for vendor 12 with code 1006
WebSocket disconnected for vendor 12 with code 1006
WebSocket connection attempt for vendor 12
WebSocket authentication successful for user 12
WebSocket connection accepted for vendor 12
WebSocket successfully connected for vendor 12
WebSocket connection attempt for vendor 12
WebSocket authentication successful for user 12
WebSocket connection accepted for vendor 12
WebSocket successfully connected for vendor 12
WebSocket connection attempt for vendor 12
WebSocket authentication successful for user 12
WebSocket connection accepted for vendor 12
WebSocket successfully connected for vendor 12
WebSocket disconnected for vendor 12 with code 1001
WebSocket disconnected for vendor 12 with code 1001
Fetching notifications for vendor: 12
Successfully fetched 0 notifications for vendor 12
WebSocket connection attempt for vendor 12
WebSocket authentication successful for user 12
Fetching notifications for vendor: 12
WebSocket connection accepted for vendor 12
WebSocket successfully connected for vendor 12
Successfully fetched 0 notifications for vendor 12
WebSocket connection attempt for vendor 12
WebSocket authentication successful for user 12
WebSocket connection accepted for vendor 12
WebSocket successfully connected for vendor 12
WebSocket connection attempt for vendor 12
WebSocket authentication successful for user 12
WebSocket connection accepted for vendor 12
WebSocket successfully connected for vendor 12
WebSocket connection attempt for vendor 12
WebSocket authentication successful for user 12
WebSocket connection accepted for vendor 12
WebSocket successfully connected for vendor 12
WebSocket connection attempt for vendor 12
WebSocket authentication successful for user 12
WebSocket connection accepted for vendor 12
WebSocket successfully connected for vendor 12
Fetching notifications for vendor: 12
Successfully fetched 0 notifications for vendor 12
WebSocket connection attempt for vendor 12
WebSocket authentication successful for user 12
WebSocket connection accepted for vendor 12
WebSocket successfully connected for vendor 12
Fetching notifications for vendor: 12
Successfully fetched 0 notifications for vendor 12
WebSocket connection attempt for vendor 12
WebSocket authentication successful for user 12
WebSocket connection accepted for vendor 12
WebSocket successfully connected for vendor 12
Error creating notification for vendor 12: Notification() got unexpected keyword arguments: 'type'
WebSocket connection attempt for vendor 12
WebSocket authentication successful for user 12
WebSocket connection accepted for vendor 12
WebSocket successfully connected for vendor 12
WebSocket connection attempt for vendor 12
WebSocket authentication successful for user 12
WebSocket connection accepted for vendor 12
WebSocket successfully connected for vendor 12
WebSocket connection attempt for vendor 12
WebSocket authentication successful for user 12
WebSocket connection accepted for vendor 12
WebSocket successfully connected for vendor 12
WebSocket connection attempt for vendor 12
WebSocket authentication successful for user 12
WebSocket connection accepted for vendor 12
WebSocket successfully connected for vendor 12
WebSocket connection attempt for vendor 12
WebSocket authentication successful for user 12
WebSocket connection accepted for vendor 12
WebSocket successfully connected for vendor 12
WebSocket connection attempt for vendor 12
WebSocket authentication successful for user 12
WebSocket connection accepted for vendor 12
WebSocket successfully connected for vendor 12
WebSocket connection attempt for vendor 12
WebSocket authentication successful for user 12
WebSocket connection accepted for vendor 12
WebSocket successfully connected for vendor 12
WebSocket connection attempt for vendor 12
WebSocket authentication successful for user 12
WebSocket connection accepted for vendor 12
WebSocket successfully connected for vendor 12
WebSocket connection attempt for vendor 12
WebSocket authentication successful for user 12
WebSocket connection accepted for vendor 12
WebSocket successfully connected for vendor 12
WebSocket connection attempt for vendor 12
WebSocket authentication successful for user 12
WebSocket connection accepted for vendor 12
WebSocket successfully connected for vendor 12
WebSocket connection attempt for vendor 12
WebSocket authentication successful for user 12
WebSocket connection accepted for vendor 12
WebSocket successfully connected for vendor 12
WebSocket connection attempt for vendor 12
WebSocket authentication successful for user 12
WebSocket connection accepted for vendor 12
WebSocket successfully connected for vendor 12
WebSocket disconnected for vendor 12 with code 1001
WebSocket disconnected for vendor 12 with code 1001
Fetching notifications for vendor: 12
Successfully fetched 0 notifications for vendor 12
WebSocket connection attempt for vendor 12
WebSocket authentication successful for user 12
WebSocket connection accepted for vendor 12
WebSocket successfully connected for vendor 12
Fetching notifications for vendor: 12
Successfully fetched 0 notifications for vendor 12
WebSocket connection attempt for vendor 12
WebSocket authentication successful for user 12
WebSocket connection accepted for vendor 12
WebSocket successfully connected for vendor 12
Created notification 1 for vendor 12
Sent WebSocket notification to vendor 12
WebSocket disconnected for vendor 12 with code 1006
WebSocket disconnected for vendor 12 with code 1006
WebSocket connection attempt for vendor 12
WebSocket authentication successful for user 12
WebSocket connection accepted for vendor 12
WebSocket successfully connected for vendor 12
WebSocket connection attempt for vendor 12
WebSocket authentication successful for user 12
WebSocket connection accepted for vendor 12
WebSocket successfully connected for vendor 12
Fetching notifications for vendor: 12
Successfully fetched 1 notifications for vendor 12
Fetching notifications for vendor: 12
Successfully fetched 1 notifications for vendor 12
WebSocket connection attempt for vendor 12
WebSocket authentication successful for user 12
WebSocket connection accepted for vendor 12
WebSocket successfully connected for vendor 12
WebSocket connection attempt for vendor 12
WebSocket authentication successful for user 12
WebSocket connection accepted for vendor 12
WebSocket successfully connected for vendor 12
WebSocket connection attempt for vendor 12
WebSocket authentication successful for user 12
WebSocket connection accepted for vendor 12
WebSocket successfully connected for vendor 12
WebSocket disconnected for vendor 12 with code 1001
WebSocket disconnected for vendor 12 with code 1001
WebSocket disconnected for vendor 12 with code 1001
Fetching notifications for vendor: 12
Successfully fetched 1 notifications for vendor 12
WebSocket connection attempt for vendor 12
WebSocket authentication successful for user 12
WebSocket connection accepted for vendor 12
WebSocket successfully connected for vendor 12
Fetching notifications for vendor: 12
Successfully fetched 1 notifications for vendor 12
WebSocket connection attempt for vendor 12
WebSocket authentication successful for user 12
WebSocket connection accepted for vendor 12
WebSocket successfully connected for vendor 12
WebSocket connection attempt for vendor 12
WebSocket authentication successful for user 12
WebSocket connection accepted for vendor 12
WebSocket successfully connected for vendor 12
Notification 1 deleted for vendor 12
WebSocket connection attempt for vendor 12
WebSocket authentication successful for user 12
WebSocket connection accepted for vendor 12
WebSocket successfully connected for vendor 12
WebSocket connection attempt for vendor 12
WebSocket authentication successful for user 12
WebSocket connection accepted for vendor 12
WebSocket successfully connected for vendor 12
WebSocket connection attempt for vendor 12
WebSocket authentication successful for user 12
WebSocket connection accepted for vendor 12
WebSocket successfully connected for vendor 12
Fetching notifications for vendor: 12
Successfully fetched 0 notifications for vendor 12
WebSocket connection attempt for vendor 12
WebSocket authentication successful for user 12
WebSocket connection accepted for vendor 12
WebSocket successfully connected for vendor 12
Fetching notifications for vendor: 12
WebSocket connection attempt for vendor 12
Successfully fetched 0 notifications for vendor 12
WebSocket authentication successful for user 12
WebSocket connection accepted for vendor 12
WebSocket successfully connected for vendor 12
WebSocket connection attempt for vendor 12
WebSocket authentication successful for user 12
WebSocket connection accepted for vendor 12
WebSocket successfully connected for vendor 12
WebSocket connection attempt for vendor 12
WebSocket authentication successful for user 12
WebSocket connection accepted for vendor 12
WebSocket successfully connected for vendor 12
WebSocket connection attempt for vendor 12
WebSocket authentication successful for user 12
WebSocket connection accepted for vendor 12
WebSocket successfully connected for vendor 12
WebSocket connection attempt for vendor 12
WebSocket authentication successful for user 12
WebSocket connection accepted for vendor 12
WebSocket successfully connected for vendor 12
WebSocket connection attempt for vendor 12
WebSocket authentication successful for user 12
WebSocket connection accepted for vendor 12
WebSocket successfully connected for vendor 12
WebSocket connection attempt for vendor 12
WebSocket authentication successful for user 12
WebSocket connection accepted for vendor 12
WebSocket successfully connected for vendor 12
WebSocket connection attempt for vendor 12
WebSocket authentication successful for user 12
WebSocket connection accepted for vendor 12
WebSocket successfully connected for vendor 12
WebSocket connection attempt for vendor 12
WebSocket authentication successful for user 12
WebSocket connection accepted for vendor 12
WebSocket successfully connected for vendor 12
WebSocket connection attempt for vendor 12
WebSocket authentication successful for user 12
WebSocket connection accepted for vendor 12
WebSocket successfully connected for vendor 12
WebSocket connection attempt for vendor 12
WebSocket authentication successful for user 12
WebSocket connection accepted for vendor 12
WebSocket successfully connected for vendor 12
WebSocket connection attempt for vendor 12
WebSocket authentication successful for user 12
WebSocket connection accepted for vendor 12
WebSocket successfully connected for vendor 12
WebSocket connection attempt for vendor 12
WebSocket authentication successful for user 12
WebSocket connection accepted for vendor 12
WebSocket successfully connected for vendor 12
WebSocket connection attempt for vendor 12
WebSocket authentication successful for user 12
WebSocket connection accepted for vendor 12
WebSocket successfully connected for vendor 12
WebSocket disconnected for vendor 12 with code 1001
WebSocket disconnected for vendor 12 with code 1001
WebSocket disconnected for vendor 12 with code 1001
Fetching notifications for vendor: 12
Successfully fetched 0 notifications for vendor 12
WebSocket connection attempt for vendor 12
WebSocket authentication successful for user 12
WebSocket connection accepted for vendor 12
WebSocket successfully connected for vendor 12
WebSocket connection attempt for vendor 12
WebSocket authentication successful for user 12
WebSocket connection accepted for vendor 12
Fetching notifications for vendor: 12
WebSocket successfully connected for vendor 12
Successfully fetched 0 notifications for vendor 12
WebSocket connection attempt for vendor 12
WebSocket authentication successful for user 12
WebSocket connection accepted for vendor 12
WebSocket successfully connected for vendor 12
WebSocket disconnected for vendor 12 with code 1001
WebSocket disconnected for vendor 12 with code 1001
WebSocket disconnected for vendor 12 with code 1001
Fetching notifications for vendor: 12
Successfully fetched 0 notifications for vendor 12
Fetching notifications for vendor: 12
Successfully fetched 0 notifications for vendor 12
WebSocket connection attempt for vendor 12
WebSocket authentication successful for user 12
WebSocket connection accepted for vendor 12
WebSocket successfully connected for vendor 12
WebSocket connection attempt for vendor 12
WebSocket authentication successful for user 12
WebSocket connection accepted for vendor 12
WebSocket successfully connected for vendor 12
WebSocket connection attempt for vendor 12
WebSocket authentication successful for user 12
WebSocket connection accepted for vendor 12
WebSocket successfully connected for vendor 12
WebSocket connection attempt for vendor 12
WebSocket authentication successful for user 12
WebSocket connection accepted for vendor 12
WebSocket successfully connected for vendor 12
WebSocket connection attempt for vendor 12
WebSocket authentication successful for user 12
WebSocket connection accepted for vendor 12
WebSocket successfully connected for vendor 12
WebSocket connection attempt for vendor 12
WebSocket authentication successful for user 12
WebSocket connection accepted for vendor 12
WebSocket successfully connected for vendor 12
WebSocket disconnected for vendor 12 with code 1001
WebSocket disconnected for vendor 12 with code 1001
WebSocket disconnected for vendor 12 with code 1001
Fetching notifications for vendor: 12
Successfully fetched 0 notifications for vendor 12
WebSocket connection attempt for vendor 12
WebSocket authentication successful for user 12
WebSocket connection accepted for vendor 12
WebSocket successfully connected for vendor 12
Fetching notifications for vendor: 12
Successfully fetched 0 notifications for vendor 12
WebSocket connection attempt for vendor 12
WebSocket authentication successful for user 12
WebSocket connection accepted for vendor 12
WebSocket successfully connected for vendor 12
WebSocket connection attempt for vendor 12
WebSocket authentication successful for user 12
WebSocket connection accepted for vendor 12
WebSocket successfully connected for vendor 12
WebSocket disconnected for vendor 12 with code 1006
WebSocket disconnected for vendor 12 with code 1006
WebSocket disconnected for vendor 12 with code 1006
WebSocket connection attempt for vendor 12
WebSocket authentication successful for user 12
WebSocket connection accepted for vendor 12
WebSocket successfully connected for vendor 12
WebSocket connection attempt for vendor 12
WebSocket authentication successful for user 12
WebSocket connection accepted for vendor 12
WebSocket successfully connected for vendor 12
WebSocket connection attempt for vendor 12
WebSocket authentication successful for user 12
WebSocket connection accepted for vendor 12
WebSocket successfully connected for vendor 12
Error creating notification: Object of type Order is not JSON serializable
WebSocket connection attempt for vendor 12
WebSocket authentication successful for user 12
WebSocket connection accepted for vendor 12
WebSocket successfully connected for vendor 12
WebSocket disconnected for vendor 12 with code 1001
WebSocket connection attempt for vendor 12
WebSocket authentication successful for user 12
WebSocket connection accepted for vendor 12
WebSocket successfully connected for vendor 12
WebSocket disconnected for vendor 12 with code 1001
WebSocket disconnected for vendor 12 with code 1001
WebSocket disconnected for vendor 12 with code 1001
WebSocket connection attempt for vendor 12
WebSocket authentication successful for user 12
WebSocket connection accepted for vendor 12
WebSocket successfully connected for vendor 12
WebSocket disconnected for vendor 12 with code 1001
Fetching notifications for vendor: 12
Successfully fetched 0 notifications for vendor 12
Fetching notifications for vendor: 12
Successfully fetched 0 notifications for vendor 12
WebSocket connection attempt for vendor 12
WebSocket authentication successful for user 12
WebSocket connection accepted for vendor 12
WebSocket successfully connected for vendor 12
Fetching notifications for vendor: 12
Successfully fetched 0 notifications for vendor 12
WebSocket connection attempt for vendor 12
WebSocket authentication successful for user 12
WebSocket connection accepted for vendor 12
WebSocket successfully connected for vendor 12
Fetching notifications for vendor: 12
Successfully fetched 0 notifications for vendor 12
WebSocket connection attempt for vendor 12
WebSocket authentication successful for user 12
WebSocket connection accepted for vendor 12
WebSocket successfully connected for vendor 12
WebSocket disconnected for vendor 12 with code 1006
WebSocket disconnected for vendor 12 with code 1006
WebSocket disconnected for vendor 12 with code 1006
WebSocket disconnected for vendor 12 with code 1006
WebSocket connection attempt for vendor 12
WebSocket authentication successful for user 12
WebSocket connection accepted for vendor 12
WebSocket successfully connected for vendor 12
WebSocket connection attempt for vendor 12
WebSocket authentication successful for user 12
WebSocket connection accepted for vendor 12
WebSocket successfully connected for vendor 12
WebSocket connection attempt for vendor 12
WebSocket authentication successful for user 12
WebSocket connection accepted for vendor 12
WebSocket successfully connected for vendor 12
WebSocket connection attempt for vendor 12
WebSocket authentication successful for user 12
WebSocket connection accepted for vendor 12
WebSocket successfully connected for vendor 12
WebSocket connection attempt for vendor 12
WebSocket authentication successful for user 12
WebSocket connection accepted for vendor 12
WebSocket successfully connected for vendor 12
WebSocket connection attempt for vendor 12
WebSocket authentication successful for user 12
WebSocket connection accepted for vendor 12
WebSocket successfully connected for vendor 12
WebSocket connection attempt for vendor 12
WebSocket authentication successful for user 12
WebSocket connection accepted for vendor 12
WebSocket successfully connected for vendor 12
WebSocket connection attempt for vendor 12
WebSocket authentication successful for user 12
WebSocket connection accepted for vendor 12
WebSocket successfully connected for vendor 12
WebSocket connection attempt for vendor 12
WebSocket authentication successful for user 12
WebSocket connection accepted for vendor 12
WebSocket successfully connected for vendor 12
WebSocket connection attempt for vendor 12
WebSocket authentication successful for user 12
WebSocket connection accepted for vendor 12
WebSocket successfully connected for vendor 12
WebSocket connection attempt for vendor 12
WebSocket authentication successful for user 12
WebSocket connection accepted for vendor 12
WebSocket successfully connected for vendor 12
WebSocket connection attempt for vendor 12
WebSocket authentication successful for user 12
WebSocket connection accepted for vendor 12
WebSocket successfully connected for vendor 12
WebSocket connection attempt for vendor 12
WebSocket authentication successful for user 12
WebSocket connection accepted for vendor 12
WebSocket successfully connected for vendor 12
WebSocket connection attempt for vendor 12
WebSocket authentication successful for user 12
WebSocket connection accepted for vendor 12
WebSocket successfully connected for vendor 12
WebSocket connection attempt for vendor 12
WebSocket authentication successful for user 12
WebSocket connection accepted for vendor 12
WebSocket successfully connected for vendor 12
WebSocket connection attempt for vendor 12
WebSocket authentication successful for user 12
WebSocket connection accepted for vendor 12
WebSocket successfully connected for vendor 12
WebSocket connection attempt for vendor 12
WebSocket authentication successful for user 12
WebSocket connection accepted for vendor 12
WebSocket successfully connected for vendor 12
WebSocket connection attempt for vendor 12
WebSocket authentication successful for user 12
WebSocket connection accepted for vendor 12
WebSocket successfully connected for vendor 12
WebSocket connection attempt for vendor 12
WebSocket authentication successful for user 12
WebSocket connection accepted for vendor 12
WebSocket successfully connected for vendor 12
WebSocket connection attempt for vendor 12
WebSocket authentication successful for user 12
WebSocket connection accepted for vendor 12
WebSocket successfully connected for vendor 12
WebSocket disconnected for vendor 12 with code 1006
WebSocket disconnected for vendor 12 with code 1006
WebSocket disconnected for vendor 12 with code 1006
WebSocket disconnected for vendor 12 with code 1006
WebSocket connection attempt for vendor 12
WebSocket authentication successful for user 12
WebSocket connection accepted for vendor 12
WebSocket successfully connected for vendor 12
WebSocket connection attempt for vendor 12
WebSocket authentication successful for user 12
WebSocket connection accepted for vendor 12
WebSocket successfully connected for vendor 12
WebSocket connection attempt for vendor 12
WebSocket authentication successful for user 12
WebSocket connection accepted for vendor 12
WebSocket successfully connected for vendor 12
WebSocket connection attempt for vendor 12
WebSocket authentication successful for user 12
WebSocket connection accepted for vendor 12
WebSocket successfully connected for vendor 12
WebSocket disconnected for vendor 12 with code 1001
WebSocket disconnected for vendor 12 with code 1001
WebSocket disconnected for vendor 12 with code 1001
WebSocket connection attempt for vendor 12
WebSocket authentication successful for user 12
WebSocket connection accepted for vendor 12
WebSocket successfully connected for vendor 12
WebSocket connection attempt for vendor 12
WebSocket authentication successful for user 12
WebSocket connection accepted for vendor 12
WebSocket successfully connected for vendor 12
WebSocket connection attempt for vendor 12
WebSocket authentication successful for user 12
WebSocket connection accepted for vendor 12
WebSocket successfully connected for vendor 12
WebSocket connection attempt for vendor 12
WebSocket authentication successful for user 12
WebSocket connection accepted for vendor 12
WebSocket successfully connected for vendor 12
WebSocket connection attempt for vendor 12
WebSocket authentication successful for user 12
WebSocket connection accepted for vendor 12
WebSocket successfully connected for vendor 12
WebSocket connection attempt for vendor 12
WebSocket authentication successful for user 12
WebSocket connection accepted for vendor 12
WebSocket successfully connected for vendor 12
Fetching notifications for vendor: 12
Successfully fetched 0 notifications for vendor 12
Fetching notifications for vendor: 12
Successfully fetched 0 notifications for vendor 12
WebSocket connection attempt for vendor 12
WebSocket authentication successful for user 12
WebSocket connection accepted for vendor 12
WebSocket successfully connected for vendor 12
Fetching notifications for vendor: 12
Successfully fetched 0 notifications for vendor 12
WebSocket connection attempt for vendor 12
WebSocket authentication successful for user 12
WebSocket connection accepted for vendor 12
WebSocket successfully connected for vendor 12
Fetching notifications for vendor: 12
Successfully fetched 0 notifications for vendor 12
WebSocket connection attempt for vendor 12
WebSocket authentication successful for user 12
WebSocket connection accepted for vendor 12
WebSocket successfully connected for vendor 12
WebSocket connection attempt for vendor 12
WebSocket authentication successful for user 12
WebSocket connection accepted for vendor 12
WebSocket successfully connected for vendor 12
Error creating notification: Object of type Order is not JSON serializable
WebSocket notification sent to vendor 12
Notification created: New Order Received! for Paradise Resturant
WebSocket disconnected for vendor 12 with code 1001
Fetching notifications for vendor: 12
Successfully fetched 1 notifications for vendor 12
WebSocket connection attempt for vendor 12
WebSocket authentication successful for user 12
WebSocket connection accepted for vendor 12
WebSocket successfully connected for vendor 12
WebSocket disconnected for vendor 12 with code 1001
WebSocket disconnected for vendor 12 with code 1001
WebSocket disconnected for vendor 12 with code 1001
WebSocket disconnected for vendor 12 with code 1001
Fetching notifications for vendor: 12
Successfully fetched 1 notifications for vendor 12
Fetching notifications for vendor: 12
Successfully fetched 1 notifications for vendor 12
Fetching notifications for vendor: 12
Successfully fetched 1 notifications for vendor 12
Fetching notifications for vendor: 12
Successfully fetched 1 notifications for vendor 12
WebSocket connection attempt for vendor 12
WebSocket authentication successful for user 12
WebSocket connection accepted for vendor 12
WebSocket successfully connected for vendor 12
WebSocket connection attempt for vendor 12
WebSocket authentication successful for user 12
WebSocket connection accepted for vendor 12
WebSocket successfully connected for vendor 12
WebSocket connection attempt for vendor 12
WebSocket authentication successful for user 12
WebSocket connection accepted for vendor 12
WebSocket successfully connected for vendor 12
WebSocket connection attempt for vendor 12
WebSocket authentication successful for user 12
WebSocket connection accepted for vendor 12
WebSocket successfully connected for vendor 12
WebSocket disconnected for vendor 12 with code 1001
WebSocket disconnected for vendor 12 with code 1001
WebSocket disconnected for vendor 12 with code 1001
WebSocket disconnected for vendor 12 with code 1001
Fetching notifications for vendor: 12
Successfully fetched 1 notifications for vendor 12
Fetching notifications for vendor: 12
Successfully fetched 1 notifications for vendor 12
Fetching notifications for vendor: 12
Successfully fetched 1 notifications for vendor 12
Fetching notifications for vendor: 12
Successfully fetched 1 notifications for vendor 12
WebSocket connection attempt for vendor 12
WebSocket authentication successful for user 12
WebSocket connection accepted for vendor 12
WebSocket successfully connected for vendor 12
WebSocket connection attempt for vendor 12
WebSocket authentication successful for user 12
WebSocket connection accepted for vendor 12
WebSocket successfully connected for vendor 12
WebSocket connection attempt for vendor 12
WebSocket authentication successful for user 12
WebSocket connection accepted for vendor 12
WebSocket successfully connected for vendor 12
WebSocket connection attempt for vendor 12
WebSocket authentication successful for user 12
WebSocket connection accepted for vendor 12
WebSocket successfully connected for vendor 12
Error creating notification: Object of type Order is not JSON serializable
WebSocket notification sent to vendor 12
Notification created: New Order Received! for Paradise Resturant
WebSocket disconnected for vendor 12 with code 1001
WebSocket disconnected for vendor 12 with code 1001
WebSocket disconnected for vendor 12 with code 1001
WebSocket disconnected for vendor 12 with code 1001
WebSocket disconnected for vendor 12 with code 1001
Fetching notifications for vendor: 12
Successfully fetched 2 notifications for vendor 12
Fetching notifications for vendor: 12
Successfully fetched 2 notifications for vendor 12
Fetching notifications for vendor: 12
Successfully fetched 2 notifications for vendor 12
Fetching notifications for vendor: 12
Successfully fetched 2 notifications for vendor 12
WebSocket connection attempt for vendor 12
WebSocket authentication successful for user 12
WebSocket connection accepted for vendor 12
WebSocket successfully connected for vendor 12
WebSocket connection attempt for vendor 12
WebSocket authentication successful for user 12
WebSocket connection accepted for vendor 12
WebSocket successfully connected for vendor 12
WebSocket connection attempt for vendor 12
WebSocket authentication successful for user 12
WebSocket connection accepted for vendor 12
WebSocket successfully connected for vendor 12
WebSocket connection attempt for vendor 12
WebSocket authentication successful for user 12
WebSocket connection accepted for vendor 12
WebSocket successfully connected for vendor 12
Notification 3 deleted for vendor 12
WebSocket connection attempt for vendor 12
WebSocket authentication successful for user 12
WebSocket connection accepted for vendor 12
WebSocket successfully connected for vendor 12
WebSocket connection attempt for vendor 12
WebSocket authentication successful for user 12
WebSocket connection accepted for vendor 12
WebSocket successfully connected for vendor 12
WebSocket connection attempt for vendor 12
WebSocket authentication successful for user 12
WebSocket connection accepted for vendor 12
WebSocket successfully connected for vendor 12
WebSocket connection attempt for vendor 12
WebSocket authentication successful for user 12
WebSocket connection accepted for vendor 12
WebSocket successfully connected for vendor 12
WebSocket connection attempt for vendor 12
WebSocket authentication successful for user 12
WebSocket connection accepted for vendor 12
WebSocket successfully connected for vendor 12
WebSocket connection attempt for vendor 12
WebSocket authentication successful for user 12
WebSocket connection accepted for vendor 12
WebSocket successfully connected for vendor 12
WebSocket connection attempt for vendor 12
WebSocket authentication successful for user 12
WebSocket connection accepted for vendor 12
WebSocket successfully connected for vendor 12
WebSocket connection attempt for vendor 12
WebSocket authentication successful for user 12
WebSocket connection accepted for vendor 12
WebSocket successfully connected for vendor 12
WebSocket disconnected for vendor 12 with code 1001
WebSocket disconnected for vendor 12 with code 1001
WebSocket disconnected for vendor 12 with code 1001
WebSocket disconnected for vendor 12 with code 1001
Fetching notifications for vendor: 12
Successfully fetched 1 notifications for vendor 12
Fetching notifications for vendor: 12
Successfully fetched 1 notifications for vendor 12
Fetching notifications for vendor: 12
Successfully fetched 1 notifications for vendor 12
Fetching notifications for vendor: 12
Successfully fetched 1 notifications for vendor 12
WebSocket connection attempt for vendor 12
WebSocket authentication successful for user 12
WebSocket connection accepted for vendor 12
WebSocket successfully connected for vendor 12
WebSocket connection attempt for vendor 12
WebSocket authentication successful for user 12
WebSocket connection accepted for vendor 12
WebSocket successfully connected for vendor 12
WebSocket connection attempt for vendor 12
WebSocket authentication successful for user 12
WebSocket connection accepted for vendor 12
WebSocket successfully connected for vendor 12
WebSocket connection attempt for vendor 12
WebSocket authentication successful for user 12
WebSocket connection accepted for vendor 12
WebSocket successfully connected for vendor 12
WebSocket disconnected for vendor 12 with code 1001
WebSocket disconnected for vendor 12 with code 1001
WebSocket disconnected for vendor 12 with code 1001
WebSocket disconnected for vendor 12 with code 1001
Fetching notifications for vendor: 12
Successfully fetched 1 notifications for vendor 12
Fetching notifications for vendor: 12
Successfully fetched 1 notifications for vendor 12
Fetching notifications for vendor: 12
Successfully fetched 1 notifications for vendor 12
Fetching notifications for vendor: 12
Successfully fetched 1 notifications for vendor 12
WebSocket connection attempt for vendor 12
WebSocket authentication successful for user 12
WebSocket connection accepted for vendor 12
WebSocket successfully connected for vendor 12
WebSocket connection attempt for vendor 12
WebSocket authentication successful for user 12
WebSocket connection accepted for vendor 12
WebSocket successfully connected for vendor 12
WebSocket connection attempt for vendor 12
WebSocket authentication successful for user 12
WebSocket connection accepted for vendor 12
WebSocket successfully connected for vendor 12
WebSocket connection attempt for vendor 12
WebSocket authentication successful for user 12
WebSocket connection accepted for vendor 12
WebSocket successfully connected for vendor 12
WebSocket disconnected for vendor 12 with code 1001
WebSocket disconnected for vendor 12 with code 1001
WebSocket disconnected for vendor 12 with code 1001
WebSocket disconnected for vendor 12 with code 1001
Fetching notifications for vendor: 12
Successfully fetched 1 notifications for vendor 12
Fetching notifications for vendor: 12
Successfully fetched 1 notifications for vendor 12
Fetching notifications for vendor: 12
Successfully fetched 1 notifications for vendor 12
Fetching notifications for vendor: 12
Successfully fetched 1 notifications for vendor 12
WebSocket connection attempt for vendor 12
WebSocket authentication successful for user 12
WebSocket connection accepted for vendor 12
WebSocket successfully connected for vendor 12
WebSocket connection attempt for vendor 12
WebSocket authentication successful for user 12
WebSocket connection accepted for vendor 12
WebSocket successfully connected for vendor 12
WebSocket connection attempt for vendor 12
WebSocket authentication successful for user 12
WebSocket connection accepted for vendor 12
WebSocket successfully connected for vendor 12
WebSocket connection attempt for vendor 12
WebSocket authentication successful for user 12
WebSocket connection accepted for vendor 12
WebSocket successfully connected for vendor 12
WebSocket disconnected for vendor 12 with code 1001
WebSocket disconnected for vendor 12 with code 1001
WebSocket disconnected for vendor 12 with code 1001
WebSocket disconnected for vendor 12 with code 1001
Fetching notifications for vendor: 12
Successfully fetched 1 notifications for vendor 12
Fetching notifications for vendor: 12
Successfully fetched 1 notifications for vendor 12
Fetching notifications for vendor: 12
Successfully fetched 1 notifications for vendor 12
Fetching notifications for vendor: 12
Successfully fetched 1 notifications for vendor 12
WebSocket connection attempt for vendor 12
WebSocket authentication successful for user 12
WebSocket connection accepted for vendor 12
WebSocket successfully connected for vendor 12
WebSocket connection attempt for vendor 12
WebSocket authentication successful for user 12
WebSocket connection accepted for vendor 12
WebSocket successfully connected for vendor 12
WebSocket connection attempt for vendor 12
WebSocket authentication successful for user 12
WebSocket connection accepted for vendor 12
WebSocket successfully connected for vendor 12
WebSocket connection attempt for vendor 12
WebSocket authentication successful for user 12
WebSocket connection accepted for vendor 12
WebSocket successfully connected for vendor 12
WebSocket disconnected for vendor 12 with code 1001
WebSocket disconnected for vendor 12 with code 1001
WebSocket disconnected for vendor 12 with code 1001
WebSocket disconnected for vendor 12 with code 1001
Fetching notifications for vendor: 12
Successfully fetched 1 notifications for vendor 12
Fetching notifications for vendor: 12
Successfully fetched 1 notifications for vendor 12
Fetching notifications for vendor: 12
Successfully fetched 1 notifications for vendor 12
Fetching notifications for vendor: 12
Successfully fetched 1 notifications for vendor 12
WebSocket connection attempt for vendor 12
WebSocket authentication successful for user 12
WebSocket connection accepted for vendor 12
WebSocket successfully connected for vendor 12
WebSocket connection attempt for vendor 12
WebSocket authentication successful for user 12
WebSocket connection accepted for vendor 12
WebSocket successfully connected for vendor 12
WebSocket connection attempt for vendor 12
WebSocket authentication successful for user 12
WebSocket connection accepted for vendor 12
WebSocket successfully connected for vendor 12
WebSocket connection attempt for vendor 12
WebSocket authentication successful for user 12
WebSocket connection accepted for vendor 12
WebSocket successfully connected for vendor 12
WebSocket disconnected for vendor 12 with code 1001
WebSocket disconnected for vendor 12 with code 1001
WebSocket disconnected for vendor 12 with code 1001
WebSocket disconnected for vendor 12 with code 1001
Fetching notifications for vendor: 12
Successfully fetched 1 notifications for vendor 12
Fetching notifications for vendor: 12
Successfully fetched 1 notifications for vendor 12
Fetching notifications for vendor: 12
Successfully fetched 1 notifications for vendor 12
Fetching notifications for vendor: 12
Successfully fetched 1 notifications for vendor 12
WebSocket connection attempt for vendor 12
WebSocket authentication successful for user 12
WebSocket connection accepted for vendor 12
WebSocket successfully connected for vendor 12
WebSocket connection attempt for vendor 12
WebSocket authentication successful for user 12
WebSocket connection accepted for vendor 12
WebSocket successfully connected for vendor 12
WebSocket connection attempt for vendor 12
WebSocket authentication successful for user 12
WebSocket connection accepted for vendor 12
WebSocket successfully connected for vendor 12
WebSocket connection attempt for vendor 12
WebSocket authentication successful for user 12
WebSocket connection accepted for vendor 12
WebSocket successfully connected for vendor 12
WebSocket disconnected for vendor 12 with code 1000
WebSocket disconnected for vendor 12 with code 1000
Fetching notifications for vendor: 12
Successfully fetched 1 notifications for vendor 12
Fetching notifications for vendor: 12
Successfully fetched 1 notifications for vendor 12
Fetching notifications for vendor: 12
Successfully fetched 1 notifications for vendor 12
Fetching notifications for vendor: 12
Successfully fetched 1 notifications for vendor 12
Fetching notifications for vendor: 12
Successfully fetched 1 notifications for vendor 12
WebSocket connection attempt for vendor 12
WebSocket authentication successful for user 12
WebSocket connection accepted for vendor 12
WebSocket successfully connected for vendor 12
WebSocket connection attempt for vendor 12
WebSocket authentication successful for user 12
WebSocket connection accepted for vendor 12
WebSocket successfully connected for vendor 12
WebSocket connection attempt for vendor 12
WebSocket authentication successful for user 12
WebSocket connection accepted for vendor 12
WebSocket successfully connected for vendor 12
WebSocket connection attempt for vendor 12
WebSocket authentication successful for user 12
WebSocket connection accepted for vendor 12
WebSocket successfully connected for vendor 12
Fetching notifications for vendor: 12
Successfully fetched 1 notifications for vendor 12
WebSocket connection attempt for vendor 12
WebSocket authentication successful for user 12
WebSocket connection accepted for vendor 12
WebSocket successfully connected for vendor 12
Error creating notification: Object of type Order is not JSON serializable
WebSocket disconnected for vendor 12 with code 1001
Fetching notifications for vendor: 12
Successfully fetched 1 notifications for vendor 12
WebSocket connection attempt for vendor 12
WebSocket authentication successful for user 12
WebSocket connection accepted for vendor 12
WebSocket successfully connected for vendor 12
WebSocket disconnected for vendor 12 with code 1001
WebSocket disconnected for vendor 12 with code 1001
WebSocket disconnected for vendor 12 with code 1001
WebSocket disconnected for vendor 12 with code 1001
WebSocket disconnected for vendor 12 with code 1001
WebSocket disconnected for vendor 12 with code 1001
WebSocket connection attempt for vendor 12
Fetching notifications for vendor: 12
WebSocket authentication successful for user 12
Successfully fetched 1 notifications for vendor 12
WebSocket connection accepted for vendor 12
WebSocket successfully connected for vendor 12
Fetching notifications for vendor: 12
Successfully fetched 1 notifications for vendor 12
Notification 2 marked as read for vendor 12
WebSocket disconnected for vendor 12 with code 1001
Fetching notifications for vendor: 12
Successfully fetched 1 notifications for vendor 12
Fetching notifications for vendor: 12
Successfully fetched 1 notifications for vendor 12
WebSocket connection attempt for vendor 12
WebSocket authentication successful for user 12
WebSocket connection accepted for vendor 12
WebSocket successfully connected for vendor 12
Fetching notifications for vendor: 12
Successfully fetched 1 notifications for vendor 12
WebSocket connection attempt for vendor 12
WebSocket authentication successful for user 12
WebSocket connection accepted for vendor 12
WebSocket successfully connected for vendor 12
WebSocket disconnected for vendor 12 with code 1001
WebSocket disconnected for vendor 12 with code 1001
Fetching notifications for vendor: 12
Successfully fetched 1 notifications for vendor 12
Fetching notifications for vendor: 12
Successfully fetched 1 notifications for vendor 12
WebSocket connection attempt for vendor 12
WebSocket authentication successful for user 12
WebSocket connection accepted for vendor 12
WebSocket successfully connected for vendor 12
WebSocket disconnected for vendor 12 with code 1001
Fetching notifications for vendor: 12
Successfully fetched 1 notifications for vendor 12
WebSocket connection attempt for vendor 12
WebSocket authentication successful for user 12
WebSocket connection accepted for vendor 12
WebSocket successfully connected for vendor 12
Fetching notifications for vendor: 12
Successfully fetched 1 notifications for vendor 12
Marked 0 notifications as read for vendor 12
WebSocket disconnected for vendor 12 with code 1001
Fetching notifications for vendor: 12
Successfully fetched 1 notifications for vendor 12
Fetching notifications for vendor: 12
Successfully fetched 1 notifications for vendor 12
WebSocket connection attempt for vendor 12
WebSocket authentication successful for user 12
WebSocket connection accepted for vendor 12
WebSocket successfully connected for vendor 12
WebSocket disconnected for vendor 12 with code 1001
Fetching notifications for vendor: 12
Successfully fetched 1 notifications for vendor 12
Fetching notifications for vendor: 12
Successfully fetched 1 notifications for vendor 12
WebSocket connection attempt for vendor 12
WebSocket authentication successful for user 12
WebSocket connection accepted for vendor 12
WebSocket successfully connected for vendor 12
WebSocket disconnected for vendor 12 with code 1001
Fetching notifications for vendor: 12
Successfully fetched 1 notifications for vendor 12
Fetching notifications for vendor: 12
Successfully fetched 1 notifications for vendor 12
WebSocket connection attempt for vendor 12
WebSocket authentication successful for user 12
WebSocket connection accepted for vendor 12
WebSocket successfully connected for vendor 12
WebSocket disconnected for vendor 12 with code 1001
Fetching notifications for vendor: 12
Successfully fetched 1 notifications for vendor 12
Fetching notifications for vendor: 12
Successfully fetched 1 notifications for vendor 12
WebSocket connection attempt for vendor 12
WebSocket authentication successful for user 12
WebSocket connection accepted for vendor 12
WebSocket successfully connected for vendor 12
WebSocket disconnected for vendor 12 with code 1001
Fetching notifications for vendor: 12
Successfully fetched 1 notifications for vendor 12
Fetching notifications for vendor: 12
Successfully fetched 1 notifications for vendor 12
WebSocket connection attempt for vendor 12
WebSocket authentication successful for user 12
WebSocket connection accepted for vendor 12
WebSocket successfully connected for vendor 12
WebSocket disconnected for vendor 12 with code 1001
WebSocket disconnected for vendor 12 with code 1001
Fetching notifications for vendor: 12
Successfully fetched 1 notifications for vendor 12
Fetching notifications for vendor: 12
Successfully fetched 1 notifications for vendor 12
WebSocket connection attempt for vendor 12
WebSocket authentication successful for user 12
WebSocket connection accepted for vendor 12
WebSocket successfully connected for vendor 12
WebSocket disconnected for vendor 12 with code 1001
Fetching notifications for vendor: 12
Successfully fetched 1 notifications for vendor 12
Fetching notifications for vendor: 12
Successfully fetched 1 notifications for vendor 12
WebSocket connection attempt for vendor 12
WebSocket authentication successful for user 12
WebSocket connection accepted for vendor 12
WebSocket successfully connected for vendor 12
WebSocket disconnected for vendor 12 with code 1001
Fetching notifications for vendor: 12
Successfully fetched 1 notifications for vendor 12
Fetching notifications for vendor: 12
Successfully fetched 1 notifications for vendor 12
WebSocket connection attempt for vendor 12
WebSocket authentication successful for user 12
WebSocket connection accepted for vendor 12
WebSocket successfully connected for vendor 12
WebSocket disconnected for vendor 12 with code 1001
Fetching notifications for vendor: 12
Successfully fetched 1 notifications for vendor 12
Fetching notifications for vendor: 12
Successfully fetched 1 notifications for vendor 12
WebSocket connection attempt for vendor 12
WebSocket authentication successful for user 12
WebSocket connection accepted for vendor 12
WebSocket successfully connected for vendor 12
Fetching notifications for vendor: 12
Successfully fetched 1 notifications for vendor 12
Fetching notifications for vendor: 12
Successfully fetched 1 notifications for vendor 12
WebSocket connection attempt for vendor 12
WebSocket authentication successful for user 12
WebSocket connection accepted for vendor 12
WebSocket successfully connected for vendor 12
WebSocket disconnected for vendor 12 with code 1001
WebSocket disconnected for vendor 12 with code 1001
Fetching notifications for vendor: 12
Successfully fetched 1 notifications for vendor 12
Fetching notifications for vendor: 12
Successfully fetched 1 notifications for vendor 12
WebSocket connection attempt for vendor 12
WebSocket authentication successful for user 12
WebSocket connection accepted for vendor 12
WebSocket successfully connected for vendor 12
WebSocket disconnected for vendor 12 with code 1001
Fetching notifications for vendor: 12
Successfully fetched 1 notifications for vendor 12
Fetching notifications for vendor: 12
Successfully fetched 1 notifications for vendor 12
WebSocket connection attempt for vendor 12
WebSocket authentication successful for user 12
WebSocket connection accepted for vendor 12
WebSocket successfully connected for vendor 12
WebSocket disconnected for vendor 12 with code 1001
Fetching notifications for vendor: 12
Successfully fetched 1 notifications for vendor 12
Fetching notifications for vendor: 12
Successfully fetched 1 notifications for vendor 12
WebSocket connection attempt for vendor 12
WebSocket authentication successful for user 12
WebSocket connection accepted for vendor 12
WebSocket successfully connected for vendor 12
Fetching notifications for vendor: 12
Successfully fetched 1 notifications for vendor 12
Fetching notifications for vendor: 12
Successfully fetched 1 notifications for vendor 12
WebSocket connection attempt for vendor 12
WebSocket authentication successful for user 12
WebSocket connection accepted for vendor 12
WebSocket successfully connected for vendor 12
WebSocket disconnected for vendor 12 with code 1001
WebSocket disconnected for vendor 12 with code 1001
Fetching notifications for vendor: 12
Successfully fetched 1 notifications for vendor 12
Fetching notifications for vendor: 12
Successfully fetched 1 notifications for vendor 12
WebSocket connection attempt for vendor 12
WebSocket authentication successful for user 12
WebSocket connection accepted for vendor 12
WebSocket successfully connected for vendor 12
WebSocket disconnected for vendor 12 with code 1001
Fetching notifications for vendor: 12
Successfully fetched 1 notifications for vendor 12
WebSocket connection attempt for vendor 12
Fetching notifications for vendor: 12
WebSocket authentication successful for user 12
Successfully fetched 1 notifications for vendor 12
WebSocket connection accepted for vendor 12
WebSocket successfully connected for vendor 12
WebSocket disconnected for vendor 12 with code 1001
Fetching notifications for vendor: 12
Successfully fetched 1 notifications for vendor 12
Fetching notifications for vendor: 12
Successfully fetched 1 notifications for vendor 12
WebSocket connection attempt for vendor 12
WebSocket authentication successful for user 12
WebSocket connection accepted for vendor 12
WebSocket successfully connected for vendor 12
WebSocket disconnected for vendor 12 with code 1001
Fetching notifications for vendor: 12
Successfully fetched 1 notifications for vendor 12
Fetching notifications for vendor: 12
Successfully fetched 1 notifications for vendor 12
WebSocket connection attempt for vendor 12
WebSocket authentication successful for user 12
WebSocket connection accepted for vendor 12
WebSocket successfully connected for vendor 12
WebSocket disconnected for vendor 12 with code 1001
Fetching notifications for vendor: 12
Successfully fetched 1 notifications for vendor 12
Fetching notifications for vendor: 12
Successfully fetched 1 notifications for vendor 12
WebSocket connection attempt for vendor 12
WebSocket authentication successful for user 12
WebSocket connection accepted for vendor 12
WebSocket successfully connected for vendor 12
WebSocket disconnected for vendor 12 with code 1001
Fetching notifications for vendor: 12
Successfully fetched 1 notifications for vendor 12
Fetching notifications for vendor: 12
Successfully fetched 1 notifications for vendor 12
WebSocket connection attempt for vendor 12
WebSocket authentication successful for user 12
WebSocket connection accepted for vendor 12
WebSocket successfully connected for vendor 12
Fetching notifications for vendor: 12
Successfully fetched 1 notifications for vendor 12
Fetching notifications for vendor: 12
Successfully fetched 1 notifications for vendor 12
WebSocket connection attempt for vendor 12
WebSocket authentication successful for user 12
WebSocket connection accepted for vendor 12
WebSocket successfully connected for vendor 12
WebSocket disconnected for vendor 12 with code 1001
WebSocket disconnected for vendor 12 with code 1001
Fetching notifications for vendor: 12
Successfully fetched 1 notifications for vendor 12
WebSocket connection attempt for vendor 12
WebSocket authentication successful for user 12
WebSocket connection accepted for vendor 12
WebSocket successfully connected for vendor 12
WebSocket disconnected for vendor 12 with code 1001
Fetching notifications for vendor: 12
Successfully fetched 1 notifications for vendor 12
Fetching notifications for vendor: 12
Successfully fetched 1 notifications for vendor 12
WebSocket connection attempt for vendor 12
WebSocket authentication successful for user 12
WebSocket connection accepted for vendor 12
WebSocket successfully connected for vendor 12
Fetching notifications for vendor: 12
Successfully fetched 1 notifications for vendor 12
Fetching notifications for vendor: 12
Successfully fetched 1 notifications for vendor 12
WebSocket connection attempt for vendor 12
WebSocket authentication successful for user 12
WebSocket connection accepted for vendor 12
WebSocket successfully connected for vendor 12
WebSocket disconnected for vendor 12 with code 1001
WebSocket disconnected for vendor 12 with code 1001
Fetching notifications for vendor: 12
Successfully fetched 1 notifications for vendor 12
Fetching notifications for vendor: 12
Successfully fetched 1 notifications for vendor 12
WebSocket connection attempt for vendor 12
WebSocket authentication successful for user 12
WebSocket connection accepted for vendor 12
WebSocket successfully connected for vendor 12
WebSocket disconnected for vendor 12 with code 1001
Fetching notifications for vendor: 12
Successfully fetched 1 notifications for vendor 12
WebSocket connection attempt for vendor 12
WebSocket authentication successful for user 12
WebSocket connection accepted for vendor 12
WebSocket successfully connected for vendor 12
WebSocket disconnected for vendor 12 with code 1001
Fetching notifications for vendor: 12
Successfully fetched 1 notifications for vendor 12
WebSocket connection attempt for vendor 12
WebSocket authentication successful for user 12
WebSocket connection accepted for vendor 12
WebSocket successfully connected for vendor 12
WebSocket disconnected for vendor 12 with code 1001
Fetching notifications for vendor: 12
Successfully fetched 1 notifications for vendor 12
WebSocket connection attempt for vendor 12
WebSocket authentication successful for user 12
WebSocket connection accepted for vendor 12
WebSocket successfully connected for vendor 12
WebSocket disconnected for vendor 12 with code 1001
Fetching notifications for vendor: 12
Successfully fetched 1 notifications for vendor 12
WebSocket connection attempt for vendor 12
WebSocket authentication successful for user 12
WebSocket connection accepted for vendor 12
WebSocket successfully connected for vendor 12
WebSocket disconnected for vendor 12 with code 1001
Fetching notifications for vendor: 12
Successfully fetched 1 notifications for vendor 12
WebSocket connection attempt for vendor 12
WebSocket authentication successful for user 12
WebSocket connection accepted for vendor 12
WebSocket successfully connected for vendor 12
WebSocket disconnected for vendor 12 with code 1001
Fetching notifications for vendor: 12
Successfully fetched 1 notifications for vendor 12
WebSocket connection attempt for vendor 12
WebSocket authentication successful for user 12
WebSocket connection accepted for vendor 12
WebSocket successfully connected for vendor 12
WebSocket disconnected for vendor 12 with code 1001
Fetching notifications for vendor: 12
Successfully fetched 1 notifications for vendor 12
WebSocket connection attempt for vendor 12
WebSocket authentication successful for user 12
WebSocket connection accepted for vendor 12
WebSocket successfully connected for vendor 12
WebSocket disconnected for vendor 12 with code 1001
Fetching notifications for vendor: 12
Successfully fetched 1 notifications for vendor 12
WebSocket connection attempt for vendor 12
WebSocket authentication successful for user 12
WebSocket connection accepted for vendor 12
WebSocket successfully connected for vendor 12
WebSocket disconnected for vendor 12 with code 1001
Fetching notifications for vendor: 12
Successfully fetched 1 notifications for vendor 12
WebSocket connection attempt for vendor 12
WebSocket authentication successful for user 12
WebSocket connection accepted for vendor 12
WebSocket successfully connected for vendor 12
WebSocket disconnected for vendor 12 with code 1006
WebSocket connection attempt for vendor 12
WebSocket authentication successful for user 12
WebSocket connection accepted for vendor 12
WebSocket successfully connected for vendor 12
WebSocket disconnected for vendor 12 with code 1001
Fetching notifications for vendor: 12
Successfully fetched 1 notifications for vendor 12
WebSocket connection attempt for vendor 12
WebSocket authentication successful for user 12
WebSocket connection accepted for vendor 12
WebSocket successfully connected for vendor 12
WebSocket disconnected for vendor 12 with code 1001
Fetching notifications for vendor: 12
Successfully fetched 1 notifications for vendor 12
WebSocket connection attempt for vendor 12
WebSocket authentication successful for user 12
WebSocket connection accepted for vendor 12
WebSocket successfully connected for vendor 12
WebSocket disconnected for vendor 12 with code 1000
WebSocket connection attempt for vendor 12
WebSocket authentication successful for user 12
Fetching notifications for vendor: 12
Successfully fetched 1 notifications for vendor 12
WebSocket connection accepted for vendor 12
WebSocket successfully connected for vendor 12
Fetching notifications for vendor: 12
Successfully fetched 1 notifications for vendor 12
WebSocket connection attempt for vendor 12
WebSocket authentication successful for user 12
WebSocket connection accepted for vendor 12
WebSocket successfully connected for vendor 12
WebSocket connection attempt for vendor 12
WebSocket authentication successful for user 12
WebSocket connection accepted for vendor 12
WebSocket successfully connected for vendor 12
WebSocket disconnected for vendor 12 with code 1001
Fetching notifications for vendor: 12
Successfully fetched 1 notifications for vendor 12
WebSocket connection attempt for vendor 12
WebSocket authentication successful for user 12
WebSocket connection accepted for vendor 12
WebSocket successfully connected for vendor 12
Created notification 4 for vendor 12
Sent WebSocket notification to vendor 12
Sent order notification for order 34 to vendor 12
Marked 1 notifications as read for vendor 12
WebSocket disconnected for vendor 12 with code 1001
Fetching notifications for vendor: 12
Successfully fetched 2 notifications for vendor 12
WebSocket connection attempt for vendor 12
WebSocket authentication successful for user 12
WebSocket connection accepted for vendor 12
WebSocket successfully connected for vendor 12
WebSocket connection attempt for vendor 12
WebSocket authentication successful for user 12
WebSocket connection accepted for vendor 12
WebSocket successfully connected for vendor 12
WebSocket connection attempt for vendor 12
WebSocket authentication successful for user 12
WebSocket connection accepted for vendor 12
WebSocket successfully connected for vendor 12
WebSocket connection attempt for vendor 12
WebSocket authentication successful for user 12
WebSocket connection accepted for vendor 12
WebSocket successfully connected for vendor 12
WebSocket connection attempt for vendor 12
WebSocket authentication successful for user 12
WebSocket connection accepted for vendor 12
WebSocket successfully connected for vendor 12
WebSocket disconnected for vendor 12 with code 1001
Fetching notifications for vendor: 12
Successfully fetched 2 notifications for vendor 12
WebSocket connection attempt for vendor 12
WebSocket authentication successful for user 12
WebSocket connection accepted for vendor 12
WebSocket successfully connected for vendor 12
WebSocket connection attempt for vendor 12
WebSocket authentication successful for user 12
WebSocket connection accepted for vendor 12
WebSocket successfully connected for vendor 12
WebSocket connection attempt for vendor 12
WebSocket authentication successful for user 12
WebSocket connection accepted for vendor 12
WebSocket successfully connected for vendor 12
WebSocket connection attempt for vendor 12
WebSocket authentication successful for user 12
WebSocket connection accepted for vendor 12
WebSocket successfully connected for vendor 12
WebSocket connection attempt for vendor 12
WebSocket authentication successful for user 12
WebSocket connection accepted for vendor 12
WebSocket successfully connected for vendor 12
WebSocket connection attempt for vendor 12
WebSocket authentication successful for user 12
WebSocket connection accepted for vendor 12
WebSocket successfully connected for vendor 12
WebSocket connection attempt for vendor 12
WebSocket authentication successful for user 12
WebSocket connection accepted for vendor 12
WebSocket successfully connected for vendor 12
WebSocket disconnected for vendor 12 with code 1001
Fetching notifications for vendor: 12
Successfully fetched 2 notifications for vendor 12
WebSocket connection attempt for vendor 12
WebSocket authentication successful for user 12
WebSocket connection accepted for vendor 12
WebSocket successfully connected for vendor 12
Error creating notification: Object of type Order is not JSON serializable
WebSocket disconnected for vendor 12 with code 1001
Fetching notifications for vendor: 12
Successfully fetched 2 notifications for vendor 12
WebSocket connection attempt for vendor 12
WebSocket authentication successful for user 12
WebSocket connection accepted for vendor 12
WebSocket successfully connected for vendor 12
Created notification 5 for vendor 12
Sent WebSocket notification to vendor 12
Sent order notification for order 35 to vendor 12
WebSocket connection attempt for vendor 12
WebSocket authentication successful for user 12
WebSocket connection accepted for vendor 12
WebSocket successfully connected for vendor 12
WebSocket connection attempt for vendor 12
WebSocket authentication successful for user 12
WebSocket connection accepted for vendor 12
WebSocket successfully connected for vendor 12
Marked 1 notifications as read for vendor 12
Created notification 6 for vendor 12
Sent WebSocket notification to vendor 12
Sent order notification for order 35 to vendor 12
WebSocket disconnected for vendor 12 with code 1001
Fetching notifications for vendor: 12
Successfully fetched 4 notifications for vendor 12
WebSocket connection attempt for vendor 12
WebSocket authentication successful for user 12
WebSocket connection accepted for vendor 12
WebSocket successfully connected for vendor 12
WebSocket disconnected for vendor 12 with code 1001
Fetching notifications for vendor: 12
Successfully fetched 4 notifications for vendor 12
WebSocket connection attempt for vendor 12
WebSocket authentication successful for user 12
WebSocket connection accepted for vendor 12
WebSocket successfully connected for vendor 12
Error creating notification: Object of type Order is not JSON serializable
Notification 6 marked as read for vendor 12
WebSocket disconnected for vendor 12 with code 1001
Fetching notifications for vendor: 12
Successfully fetched 4 notifications for vendor 12
WebSocket connection attempt for vendor 12
WebSocket authentication successful for user 12
WebSocket connection accepted for vendor 12
WebSocket successfully connected for vendor 12
WebSocket connection attempt for vendor 12
WebSocket authentication successful for user 12
WebSocket connection accepted for vendor 12
WebSocket successfully connected for vendor 12
WebSocket connection attempt for vendor 12
WebSocket authentication successful for user 12
WebSocket connection accepted for vendor 12
WebSocket successfully connected for vendor 12
Error creating notification: Object of type Order is not JSON serializable
WebSocket disconnected for vendor 12 with code 1001
Fetching notifications for vendor: 12
Successfully fetched 4 notifications for vendor 12
WebSocket connection attempt for vendor 12
WebSocket authentication successful for user 12
WebSocket connection accepted for vendor 12
WebSocket successfully connected for vendor 12
WebSocket disconnected for vendor 12 with code 1001
Fetching notifications for vendor: 12
Successfully fetched 4 notifications for vendor 12
WebSocket connection attempt for vendor 12
WebSocket authentication successful for user 12
WebSocket connection accepted for vendor 12
WebSocket successfully connected for vendor 12
WebSocket connection attempt for vendor 12
WebSocket authentication successful for user 12
WebSocket connection accepted for vendor 12
WebSocket successfully connected for vendor 12
WebSocket connection attempt for vendor 12
WebSocket authentication successful for user 12
WebSocket connection accepted for vendor 12
WebSocket successfully connected for vendor 12
WebSocket connection attempt for vendor 12
WebSocket authentication successful for user 12
WebSocket connection accepted for vendor 12
WebSocket successfully connected for vendor 12
WebSocket connection attempt for vendor 12
WebSocket authentication successful for user 12
WebSocket connection accepted for vendor 12
WebSocket successfully connected for vendor 12
WebSocket connection attempt for vendor 12
WebSocket authentication successful for user 12
WebSocket connection accepted for vendor 12
WebSocket successfully connected for vendor 12
Error creating notification: Object of type Order is not JSON serializable
WebSocket disconnected for vendor 12 with code 1001
Fetching notifications for vendor: 12
Successfully fetched 4 notifications for vendor 12
WebSocket connection attempt for vendor 12
WebSocket authentication successful for user 12
WebSocket connection accepted for vendor 12
WebSocket successfully connected for vendor 12
WebSocket connection attempt for vendor 12
WebSocket authentication successful for user 12
WebSocket connection accepted for vendor 12
WebSocket successfully connected for vendor 12
WebSocket connection attempt for vendor 12
WebSocket authentication successful for user 12
WebSocket connection accepted for vendor 12
WebSocket successfully connected for vendor 12
WebSocket connection attempt for vendor 12
WebSocket authentication successful for user 12
WebSocket connection accepted for vendor 12
WebSocket successfully connected for vendor 12
Error creating notification: Object of type Order is not JSON serializable
WebSocket disconnected for vendor 12 with code 1001
Fetching notifications for vendor: 12
Successfully fetched 4 notifications for vendor 12
WebSocket connection attempt for vendor 12
WebSocket authentication successful for user 12
WebSocket connection accepted for vendor 12
WebSocket successfully connected for vendor 12
Created notification 7 for vendor 12
Sent WebSocket notification to vendor 12
Sent order notification for order 39 to vendor 12
WebSocket connection attempt for vendor 12
WebSocket authentication successful for user 12
WebSocket connection accepted for vendor 12
WebSocket successfully connected for vendor 12
WebSocket connection attempt for vendor 12
WebSocket authentication successful for user 12
WebSocket connection accepted for vendor 12
WebSocket successfully connected for vendor 12
WebSocket connection attempt for vendor 12
WebSocket authentication successful for user 12
WebSocket connection accepted for vendor 12
WebSocket successfully connected for vendor 12
Error creating notification: Object of type Order is not JSON serializable
WebSocket disconnected for vendor 12 with code 1001
Fetching notifications for vendor: 12
Successfully fetched 5 notifications for vendor 12
WebSocket connection attempt for vendor 12
WebSocket authentication successful for user 12
WebSocket connection accepted for vendor 12
WebSocket successfully connected for vendor 12
WebSocket connection attempt for vendor 12
WebSocket authentication successful for user 12
WebSocket connection accepted for vendor 12
WebSocket successfully connected for vendor 12
WebSocket connection attempt for vendor 12
WebSocket authentication successful for user 12
WebSocket connection accepted for vendor 12
WebSocket successfully connected for vendor 12
Marked 1 notifications as read for vendor 12
Error creating notification: Object of type Order is not JSON serializable
Created notification 8 for vendor 12
Sent WebSocket notification to vendor 12
Sent order notification for order 41 to vendor 12
Error creating notification: Object of type Order is not JSON serializable
Created notification 9 for vendor 12
Sent WebSocket notification to vendor 12
Sent order notification for order 41 to vendor 12
WebSocket disconnected for vendor 12 with code 1001
Fetching notifications for vendor: 12
WebSocket connection attempt for vendor 12
Successfully fetched 7 notifications for vendor 12
WebSocket authentication successful for user 12
WebSocket connection accepted for vendor 12
WebSocket successfully connected for vendor 12
WebSocket connection attempt for vendor 12
WebSocket authentication successful for user 12
WebSocket connection accepted for vendor 12
WebSocket successfully connected for vendor 12
WebSocket connection attempt for vendor 12
WebSocket authentication successful for user 12
WebSocket connection accepted for vendor 12
WebSocket successfully connected for vendor 12
Error creating notification: Object of type Order is not JSON serializable
Error creating notification: Object of type Order is not JSON serializable
Error creating notification: Object of type Order is not JSON serializable
WebSocket connection attempt for vendor 12
WebSocket authentication successful for user 12
WebSocket connection accepted for vendor 12
WebSocket successfully connected for vendor 12
WebSocket connection attempt for vendor 12
WebSocket authentication successful for user 12
WebSocket connection accepted for vendor 12
WebSocket successfully connected for vendor 12
